# JRE version: Java(TM) SE Runtime Environment (8.0_171-b11) (build 1.8.0_171-b11)
# Java VM: Java HotSpot(TM) 64-Bit Server VM (25.171-b11 mixed mode windows-amd64 compressed oops)
Heap:
 PSYoungGen      total 133632K, used 75621K [0x00000000d7100000, 0x00000000e6280000, 0x0000000100000000)
  eden space 124928K, 53% used [0x00000000d7100000,0x00000000db25bf60,0x00000000deb00000)
  from space 8704K, 99% used [0x00000000deb00000,0x00000000df37d858,0x00000000df380000)
  to   space 13312K, 0% used [0x00000000e5580000,0x00000000e5580000,0x00000000e6280000)
 ParOldGen       total 44032K, used 13923K [0x0000000085200000, 0x0000000087d00000, 0x00000000d7100000)
  object space 44032K, 31% used [0x0000000085200000,0x0000000085f98d08,0x0000000087d00000)
 Metaspace       used 34447K, capacity 35870K, committed 36048K, reserved 1081344K
  class space    used 4683K, capacity 5001K, committed 5072K, reserved 1048576K
GC Heap History (10 events):
Event: 2.743 GC heap before
{Heap before GC invocations=4 (full 0):
 PSYoungGen      total 36864K, used 16006K [0x00000000d7100000, 0x00000000db900000, 0x0000000100000000)
  eden space 31744K, 34% used [0x00000000d7100000,0x00000000d7ba74b8,0x00000000d9000000)
  from space 5120K, 99% used [0x00000000d9000000,0x00000000d94fa630,0x00000000d9500000)
  to   space 5120K, 0% used [0x00000000db400000,0x00000000db400000,0x00000000db900000)
 ParOldGen       total 84992K, used 5628K [0x0000000085200000, 0x000000008a500000, 0x00000000d7100000)
  object space 84992K, 6% used [0x0000000085200000,0x000000008577f340,0x000000008a500000)
 Metaspace       used 20749K, capacity 21308K, committed 21424K, reserved 1067008K
  class space    used 2774K, capacity 2959K, committed 3072K, reserved 1048576K
Event: 2.751 GC heap after
Heap after GC invocations=4 (full 0):
 PSYoungGen      total 68608K, used 5106K [0x00000000d7100000, 0x00000000db900000, 0x0000000100000000)
  eden space 63488K, 0% used [0x00000000d7100000,0x00000000d7100000,0x00000000daf00000)
  from space 5120K, 99% used [0x00000000db400000,0x00000000db8fca70,0x00000000db900000)
  to   space 5120K, 0% used [0x00000000daf00000,0x00000000daf00000,0x00000000db400000)
 ParOldGen       total 84992K, used 7263K [0x0000000085200000, 0x000000008a500000, 0x00000000d7100000)
  object space 84992K, 8% used [0x0000000085200000,0x0000000085917f48,0x000000008a500000)
 Metaspace       used 20749K, capacity 21308K, committed 21424K, reserved 1067008K
  class space    used 2774K, capacity 2959K, committed 3072K, reserved 1048576K
}
Event: 2.761 GC heap before
{Heap before GC invocations=5 (full 0):
 PSYoungGen      total 68608K, used 6740K [0x00000000d7100000, 0x00000000db900000, 0x0000000100000000)
  eden space 63488K, 2% used [0x00000000d7100000,0x00000000d7298748,0x00000000daf00000)
  from space 5120K, 99% used [0x00000000db400000,0x00000000db8fca70,0x00000000db900000)
  to   space 5120K, 0% used [0x00000000daf00000,0x00000000daf00000,0x00000000db400000)
 ParOldGen       total 84992K, used 7263K [0x0000000085200000, 0x000000008a500000, 0x00000000d7100000)
  object space 84992K, 8% used [0x0000000085200000,0x0000000085917f48,0x000000008a500000)
 Metaspace       used 20925K, capacity 21436K, committed 21628K, reserved 1069056K
  class space    used 2795K, capacity 2959K, committed 3072K, reserved 1048576K
Event: 2.767 GC heap after
Heap after GC invocations=5 (full 0):
 PSYoungGen      total 68608K, used 5116K [0x00000000d7100000, 0x00000000dfe00000, 0x0000000100000000)
  eden space 63488K, 0% used [0x00000000d7100000,0x00000000d7100000,0x00000000daf00000)
  from space 5120K, 99% used [0x00000000daf00000,0x00000000db3ff190,0x00000000db400000)
  to   space 8704K, 0% used [0x00000000df580000,0x00000000df580000,0x00000000dfe00000)
 ParOldGen       total 84992K, used 7560K [0x0000000085200000, 0x000000008a500000, 0x00000000d7100000)
  object space 84992K, 8% used [0x0000000085200000,0x0000000085962128,0x000000008a500000)
 Metaspace       used 20925K, capacity 21436K, committed 21628K, reserved 1069056K
  class space    used 2795K, capacity 2959K, committed 3072K, reserved 1048576K
}
Event: 2.767 GC heap before
{Heap before GC invocations=6 (full 1):
 PSYoungGen      total 68608K, used 5116K [0x00000000d7100000, 0x00000000dfe00000, 0x0000000100000000)
  eden space 63488K, 0% used [0x00000000d7100000,0x00000000d7100000,0x00000000daf00000)
  from space 5120K, 99% used [0x00000000daf00000,0x00000000db3ff190,0x00000000db400000)
  to   space 8704K, 0% used [0x00000000df580000,0x00000000df580000,0x00000000dfe00000)
 ParOldGen       total 84992K, used 7560K [0x0000000085200000, 0x000000008a500000, 0x00000000d7100000)
  object space 84992K, 8% used [0x0000000085200000,0x0000000085962128,0x000000008a500000)
 Metaspace       used 20925K, capacity 21436K, committed 21628K, reserved 1069056K
  class space    used 2795K, capacity 2959K, committed 3072K, reserved 1048576K
Event: 2.801 GC heap after
Heap after GC invocations=6 (full 1):
 PSYoungGen      total 68608K, used 0K [0x00000000d7100000, 0x00000000dfe00000, 0x0000000100000000)
  eden space 63488K, 0% used [0x00000000d7100000,0x00000000d7100000,0x00000000daf00000)
  from space 5120K, 0% used [0x00000000daf00000,0x00000000daf00000,0x00000000db400000)
  to   space 8704K, 0% used [0x00000000df580000,0x00000000df580000,0x00000000dfe00000)
 ParOldGen       total 44032K, used 5665K [0x0000000085200000, 0x0000000087d00000, 0x00000000d7100000)
  object space 44032K, 12% used [0x0000000085200000,0x0000000085788508,0x0000000087d00000)
 Metaspace       used 20923K, capacity 21430K, committed 21628K, reserved 1069056K
  class space    used 2794K, capacity 2958K, committed 3072K, reserved 1048576K
}
Event: 3.573 GC heap before
{Heap before GC invocations=7 (full 1):
 PSYoungGen      total 68608K, used 63488K [0x00000000d7100000, 0x00000000dfe00000, 0x0000000100000000)
  eden space 63488K, 100% used [0x00000000d7100000,0x00000000daf00000,0x00000000daf00000)
  from space 5120K, 0% used [0x00000000daf00000,0x00000000daf00000,0x00000000db400000)
  to   space 8704K, 0% used [0x00000000df580000,0x00000000df580000,0x00000000dfe00000)
 ParOldGen       total 44032K, used 5665K [0x0000000085200000, 0x0000000087d00000, 0x00000000d7100000)
  object space 44032K, 12% used [0x0000000085200000,0x0000000085788508,0x0000000087d00000)
 Metaspace       used 24435K, capacity 25214K, committed 25344K, reserved 1071104K
  class space    used 3278K, capacity 3491K, committed 3584K, reserved 1048576K
Event: 3.580 GC heap after
Heap after GC invocations=7 (full 1):
 PSYoungGen      total 125952K, used 6561K [0x00000000d7100000, 0x00000000dfc00000, 0x0000000100000000)
  eden space 119296K, 0% used [0x00000000d7100000,0x00000000d7100000,0x00000000de580000)
  from space 6656K, 98% used [0x00000000df580000,0x00000000dfbe8568,0x00000000dfc00000)
  to   space 8704K, 0% used [0x00000000deb00000,0x00000000deb00000,0x00000000df380000)
 ParOldGen       total 44032K, used 5673K [0x0000000085200000, 0x0000000087d00000, 0x00000000d7100000)
  object space 44032K, 12% used [0x0000000085200000,0x000000008578a508,0x0000000087d00000)
 Metaspace       used 24435K, capacity 25214K, committed 25344K, reserved 1071104K
  class space    used 3278K, capacity 3491K, committed 3584K, reserved 1048576K
}
Event: 4.974 GC heap before
{Heap before GC invocations=8 (full 1):
 PSYoungGen      total 125952K, used 125857K [0x00000000d7100000, 0x00000000dfc00000, 0x0000000100000000)
  eden space 119296K, 100% used [0x00000000d7100000,0x00000000de580000,0x00000000de580000)
  from space 6656K, 98% used [0x00000000df580000,0x00000000dfbe8568,0x00000000dfc00000)
  to   space 8704K, 0% used [0x00000000deb00000,0x00000000deb00000,0x00000000df380000)
 ParOldGen       total 44032K, used 5673K [0x0000000085200000, 0x0000000087d00000, 0x00000000d7100000)
  object space 44032K, 12% used [0x0000000085200000,0x000000008578a508,0x0000000087d00000)
 Metaspace       used 31625K, capacity 33040K, committed 33280K, reserved 1077248K
  class space    used 4276K, capacity 4586K, committed 4608K, reserved 1048576K
Event: 4.990 GC heap after
Heap after GC invocations=8 (full 1):
 PSYoungGen      total 133632K, used 8694K [0x00000000d7100000, 0x00000000e6280000, 0x0000000100000000)
  eden space 124928K, 0% used [0x00000000d7100000,0x00000000d7100000,0x00000000deb00000)
  from space 8704K, 99% used [0x00000000deb00000,0x00000000df37d858,0x00000000df380000)
  to   space 13312K, 0% used [0x00000000e5580000,0x00000000e5580000,0x00000000e6280000)
 ParOldGen       total 44032K, used 13923K [0x0000000085200000, 0x0000000087d00000, 0x00000000d7100000)
  object space 44032K, 31% used [0x0000000085200000,0x0000000085f98d08,0x0000000087d00000)
 Metaspace       used 31625K, capacity 33040K, committed 33280K, reserved 1077248K
  class space    used 4276K, capacity 4586K, committed 4608K, reserved 1048576K
}

